<?xml version="1.0" encoding="UTF-8"?>
<testng-results ignored="0" total="1" passed="1" failed="0" skipped="0">
  <reporter-output>
  </reporter-output>
  <suite started-at="2023-07-09T11:12:56 BDT" name="Default suite" finished-at="2023-07-09T11:13:16 BDT" duration-ms="20533">
    <groups>
    </groups>
    <test started-at="2023-07-09T11:12:56 BDT" name="Default test" finished-at="2023-07-09T11:13:16 BDT" duration-ms="20533">
      <class name="AutomationTesting_1.auttomation_1.webElementexample">
        <test-method is-config="true" signature="start()[pri:0, instance:AutomationTesting_1.auttomation_1.webElementexample@53fb3dab]" started-at="2023-07-09T11:12:47 BDT" name="start" finished-at="2023-07-09T11:12:56 BDT" duration-ms="8303" status="PASS">
          <reporter-output>
          </reporter-output>
        </test-method> <!-- start -->
        <test-method signature="webElementsTest()[pri:0, instance:AutomationTesting_1.auttomation_1.webElementexample@53fb3dab]" started-at="2023-07-09T11:12:56 BDT" name="webElementsTest" finished-at="2023-07-09T11:13:16 BDT" duration-ms="20507" status="PASS">
          <reporter-output>
          </reporter-output>
        </test-method> <!-- webElementsTest -->
        <test-method is-config="true" signature="close()[pri:0, instance:AutomationTesting_1.auttomation_1.webElementexample@53fb3dab]" started-at="2023-07-09T11:13:16 BDT" name="close" finished-at="2023-07-09T11:13:16 BDT" duration-ms="171" status="PASS">
          <reporter-output>
          </reporter-output>
        </test-method> <!-- close -->
      </class> <!-- AutomationTesting_1.auttomation_1.webElementexample -->
    </test> <!-- Default test -->
  </suite> <!-- Default suite -->
</testng-results>
