<?xml version="1.0" encoding="UTF-8"?>
<testng-results ignored="0" total="1" passed="1" failed="0" skipped="0">
  <reporter-output>
  </reporter-output>
  <suite started-at="2023-07-11T15:12:53 BDT" name="Default suite" finished-at="2023-07-11T15:13:14 BDT" duration-ms="21268">
    <groups>
    </groups>
    <test started-at="2023-07-11T15:12:53 BDT" name="Default test" finished-at="2023-07-11T15:13:14 BDT" duration-ms="21268">
      <class name="AutomationTesting_1.auttomation_1.Alert1">
        <test-method is-config="true" signature="start()[pri:0, instance:AutomationTesting_1.auttomation_1.Alert1@53fb3dab]" started-at="2023-07-11T15:12:47 BDT" name="start" finished-at="2023-07-11T15:12:53 BDT" duration-ms="6202" status="PASS">
          <reporter-output>
          </reporter-output>
        </test-method> <!-- start -->
        <test-method signature="AlertTest()[pri:0, instance:AutomationTesting_1.auttomation_1.Alert1@53fb3dab]" started-at="2023-07-11T15:12:53 BDT" name="AlertTest" finished-at="2023-07-11T15:13:14 BDT" duration-ms="21237" status="PASS">
          <reporter-output>
          </reporter-output>
        </test-method> <!-- AlertTest -->
        <test-method is-config="true" signature="close()[pri:0, instance:AutomationTesting_1.auttomation_1.Alert1@53fb3dab]" started-at="2023-07-11T15:13:14 BDT" name="close" finished-at="2023-07-11T15:13:14 BDT" duration-ms="200" status="PASS">
          <reporter-output>
          </reporter-output>
        </test-method> <!-- close -->
      </class> <!-- AutomationTesting_1.auttomation_1.Alert1 -->
    </test> <!-- Default test -->
  </suite> <!-- Default suite -->
</testng-results>
